<?xml version="1.0" encoding="UTF-8"?>
<!-- Generated by org.testng.reporters.JUnitReportReporter -->
<testsuite hostname="LAPTOP-MPG1B8JI" failures="0" tests="1" name="sauceDemo.tests.login.LoginTests" time="0.414" errors="0" timestamp="2025-05-14T00:14:53 IST" skipped="0">
  <testcase classname="sauceDemo.tests.login.LoginTests" name="testLoginErrorMessage" time="0.414"/>
</testsuite> <!-- sauceDemo.tests.login.LoginTests -->
