<?xml version="1.0" encoding="UTF-8"?>
<!-- Generated by org.testng.reporters.JUnitReportReporter -->
<testsuite hostname="LAPTOP-MPG1B8JI" failures="0" tests="1" name="sauceDemo.tests.products.productsTest" time="0.490" errors="0" timestamp="2025-05-16T15:03:24 IST" skipped="0">
  <testcase classname="sauceDemo.tests.products.productsTest" name="testProductsHeaderisDisplayed" time="0.490"/>
</testsuite> <!-- sauceDemo.tests.products.productsTest -->
