<?xml version="1.0" encoding="UTF-8"?>
<!-- Generated by org.testng.reporters.JUnitReportReporter -->
<testsuite hostname="LAPTOP-MPG1B8JI" failures="0" tests="1" name="demoQaTests.tests.JavaScript.JavaScript" time="6.065" errors="0" timestamp="2025-05-17T00:09:28 IST" skipped="0">
  <testcase classname="demoQaTests.tests.JavaScript.JavaScript" name="testScrolltoElement" time="6.065"/>
</testsuite> <!-- demoQaTests.tests.JavaScript.JavaScript -->
